üöÄ Starting parallel processing with 4 concurrent datasets...
Processing SRR307903...
Installing SRR307903_stringtie...
Initializing Telos ...
Warning: Output directory train_output/SRR307903_stringtie already exists.
Configuration created.
Saving configuration to 'project_config/SRR307903_stringtie_config.pkl'...
Configuration saved to project_config/SRR307903_stringtie_config.pkl.
Installation of SRR307903_stringtie completed.
Configuring SRR307903_stringtie to use enhanced features for training...
‚úÖ Configuration updated for enhanced features and training mode.
Running extract_features.py for SRR307903_stringtie...
‚úÖ Feature extraction for SRR307903_stringtie completed.
Running label_candidates.py for SRR307903_stringtie...
Processing pacbio_ENCFF450VAU...
Installing pacbio_ENCFF450VAU_stringtie...
Initializing Telos ...
Warning: Output directory train_output/pacbio_ENCFF450VAU_stringtie already exists.
Configuration created.
Saving configuration to 'project_config/pacbio_ENCFF450VAU_stringtie_config.pkl'...
Configuration saved to project_config/pacbio_ENCFF450VAU_stringtie_config.pkl.
Installation of pacbio_ENCFF450VAU_stringtie completed.
Configuring pacbio_ENCFF450VAU_stringtie to use enhanced features for training...
‚úÖ Configuration updated for enhanced features and training mode.
Running extract_features.py for pacbio_ENCFF450VAU_stringtie...
‚úÖ Feature extraction for pacbio_ENCFF450VAU_stringtie completed.
Running label_candidates.py for pacbio_ENCFF450VAU_stringtie...
Processing dRNA-NA12878...
Installing dRNA-NA12878_stringtie...
Initializing Telos ...
Warning: Output directory train_output/dRNA-NA12878_stringtie already exists.
Configuration created.
Saving configuration to 'project_config/dRNA-NA12878_stringtie_config.pkl'...
Configuration saved to project_config/dRNA-NA12878_stringtie_config.pkl.
Installation of dRNA-NA12878_stringtie completed.
Configuring dRNA-NA12878_stringtie to use enhanced features for training...
‚úÖ Configuration updated for enhanced features and training mode.
Running extract_features.py for dRNA-NA12878_stringtie...
‚úÖ Feature extraction for dRNA-NA12878_stringtie completed.
Running label_candidates.py for dRNA-NA12878_stringtie...
Processing cDNA-NA12878...
Installing cDNA-NA12878_stringtie...
Initializing Telos ...
Warning: Output directory train_output/cDNA-NA12878_stringtie already exists.
Configuration created.
Saving configuration to 'project_config/cDNA-NA12878_stringtie_config.pkl'...
Configuration saved to project_config/cDNA-NA12878_stringtie_config.pkl.
Installation of cDNA-NA12878_stringtie completed.
Configuring cDNA-NA12878_stringtie to use enhanced features for training...
‚úÖ Configuration updated for enhanced features and training mode.
Running extract_features.py for cDNA-NA12878_stringtie...
‚úÖ Feature extraction for cDNA-NA12878_stringtie completed.
Running label_candidates.py for cDNA-NA12878_stringtie...
‚ùå Dataset SRR307903 failed with exception: Command '['python', 'src/label_candidates.py', '--config', 'project_config/SRR307903_stringtie_config.pkl']' returned non-zero exit status 1.
‚ùå Dataset pacbio_ENCFF450VAU failed with exception: Command '['python', 'src/label_candidates.py', '--config', 'project_config/pacbio_ENCFF450VAU_stringtie_config.pkl']' returned non-zero exit status 1.
‚ùå Dataset cDNA-NA12878 failed with exception: Command '['python', 'src/label_candidates.py', '--config', 'project_config/cDNA-NA12878_stringtie_config.pkl']' returned non-zero exit status 1.
‚ùå Dataset dRNA-NA12878 failed with exception: Command '['python', 'src/label_candidates.py', '--config', 'project_config/dRNA-NA12878_stringtie_config.pkl']' returned non-zero exit status 1.
üöÄ Starting parallel testing with 4 concurrent datasets...
Processing dRNA-Hek293T...
Installing dRNA-Hek293T_stringtie...
Initializing Telos ...
Warning: Output directory test_output/dRNA-Hek293T_stringtie already exists.
Configuration created.
Saving configuration to 'project_config/dRNA-Hek293T_stringtie_config.pkl'...
Configuration saved to project_config/dRNA-Hek293T_stringtie_config.pkl.
Installation of dRNA-Hek293T_stringtie completed.
Running extract_features.py for dRNA-Hek293T_stringtie...
‚úÖ Feature extraction for dRNA-Hek293T_stringtie completed.
Labeling candidates for dRNA-Hek293T_stringtie...
‚úÖ Candidate labeling for dRNA-Hek293T_stringtie completed.
Testing model for dRNA-Hek293T_stringtie...
‚ùå Error in model testing for dRNA-Hek293T_stringtie: Traceback (most recent call last):
  File "/datadisk1/ixk5174/project_repo/Telos-test/src/validate_with_pretrained.py", line 198, in <module>
    main()
  File "/datadisk1/ixk5174/project_repo/Telos-test/src/validate_with_pretrained.py", line 176, in main
    metrics, model, df_tss_pred = validate_stage1(df_tss, args.model_type, model_config, project_config, args.pretrained_tss_model, "tss")
                                  ^^^^^^^^^^^^^^^^^^^^^^^^^^^^^^^^^^^^^^^^^^^^^^^^^^^^^^^^^^^^^^^^^^^^^^^^^^^^^^^^^^^^^^^^^^^^^^^^^^^^^^^^
  File "/datadisk1/ixk5174/project_repo/Telos-test/src/validate_with_pretrained.py", line 94, in validate_stage1
    from extract_features import load_selected_features
ImportError: cannot import name 'load_selected_features' from 'extract_features' (/datadisk1/ixk5174/project_repo/Telos-test/src/extract_features.py)

Processing SRR307911...
Installing SRR307911_stringtie...
Initializing Telos ...
Warning: Output directory test_output/SRR307911_stringtie already exists.
Configuration created.
Saving configuration to 'project_config/SRR307911_stringtie_config.pkl'...
Configuration saved to project_config/SRR307911_stringtie_config.pkl.
Installation of SRR307911_stringtie completed.
Running extract_features.py for SRR307911_stringtie...
‚úÖ Feature extraction for SRR307911_stringtie completed.
Labeling candidates for SRR307911_stringtie...
‚úÖ Candidate labeling for SRR307911_stringtie completed.
Testing model for SRR307911_stringtie...
‚ùå Error in model testing for SRR307911_stringtie: /datadisk1/ixk5174/project_repo/Telos-test/src/validate_with_pretrained.py:168: DtypeWarning: Columns (0) have mixed types. Specify dtype option on import or set low_memory=False.
  df_tss = pd.read_csv(tss_selected_file)
Traceback (most recent call last):
  File "/datadisk1/ixk5174/project_repo/Telos-test/src/validate_with_pretrained.py", line 198, in <module>
    main()
  File "/datadisk1/ixk5174/project_repo/Telos-test/src/validate_with_pretrained.py", line 176, in main
    metrics, model, df_tss_pred = validate_stage1(df_tss, args.model_type, model_config, project_config, args.pretrained_tss_model, "tss")
                                  ^^^^^^^^^^^^^^^^^^^^^^^^^^^^^^^^^^^^^^^^^^^^^^^^^^^^^^^^^^^^^^^^^^^^^^^^^^^^^^^^^^^^^^^^^^^^^^^^^^^^^^^^
  File "/datadisk1/ixk5174/project_repo/Telos-test/src/validate_with_pretrained.py", line 94, in validate_stage1
    from extract_features import load_selected_features
ImportError: cannot import name 'load_selected_features' from 'extract_features' (/datadisk1/ixk5174/project_repo/Telos-test/src/extract_features.py)

Processing pacbio_ENCFF694DIE...
Installing pacbio_ENCFF694DIE_stringtie...
Initializing Telos ...
Warning: Output directory test_output/pacbio_ENCFF694DIE_stringtie already exists.
Configuration created.
Saving configuration to 'project_config/pacbio_ENCFF694DIE_stringtie_config.pkl'...
Configuration saved to project_config/pacbio_ENCFF694DIE_stringtie_config.pkl.
Installation of pacbio_ENCFF694DIE_stringtie completed.
Running extract_features.py for pacbio_ENCFF694DIE_stringtie...
‚úÖ Feature extraction for pacbio_ENCFF694DIE_stringtie completed.
Labeling candidates for pacbio_ENCFF694DIE_stringtie...
‚úÖ Candidate labeling for pacbio_ENCFF694DIE_stringtie completed.
Testing model for pacbio_ENCFF694DIE_stringtie...
‚ùå Error in model testing for pacbio_ENCFF694DIE_stringtie: Traceback (most recent call last):
  File "/datadisk1/ixk5174/project_repo/Telos-test/src/validate_with_pretrained.py", line 198, in <module>
    main()
  File "/datadisk1/ixk5174/project_repo/Telos-test/src/validate_with_pretrained.py", line 176, in main
    metrics, model, df_tss_pred = validate_stage1(df_tss, args.model_type, model_config, project_config, args.pretrained_tss_model, "tss")
                                  ^^^^^^^^^^^^^^^^^^^^^^^^^^^^^^^^^^^^^^^^^^^^^^^^^^^^^^^^^^^^^^^^^^^^^^^^^^^^^^^^^^^^^^^^^^^^^^^^^^^^^^^^
  File "/datadisk1/ixk5174/project_repo/Telos-test/src/validate_with_pretrained.py", line 94, in validate_stage1
    from extract_features import load_selected_features
ImportError: cannot import name 'load_selected_features' from 'extract_features' (/datadisk1/ixk5174/project_repo/Telos-test/src/extract_features.py)

Processing cDNA-K562...
Installing cDNA-K562_stringtie...
Initializing Telos ...
Warning: Output directory test_output/cDNA-K562_stringtie already exists.
Configuration created.
Saving configuration to 'project_config/cDNA-K562_stringtie_config.pkl'...
Configuration saved to project_config/cDNA-K562_stringtie_config.pkl.
Installation of cDNA-K562_stringtie completed.
Running extract_features.py for cDNA-K562_stringtie...
‚úÖ Feature extraction for cDNA-K562_stringtie completed.
Labeling candidates for cDNA-K562_stringtie...
‚úÖ Candidate labeling for cDNA-K562_stringtie completed.
Testing model for cDNA-K562_stringtie...
‚ùå Error in model testing for cDNA-K562_stringtie: Traceback (most recent call last):
  File "/datadisk1/ixk5174/project_repo/Telos-test/src/validate_with_pretrained.py", line 198, in <module>
    main()
  File "/datadisk1/ixk5174/project_repo/Telos-test/src/validate_with_pretrained.py", line 176, in main
    metrics, model, df_tss_pred = validate_stage1(df_tss, args.model_type, model_config, project_config, args.pretrained_tss_model, "tss")
                                  ^^^^^^^^^^^^^^^^^^^^^^^^^^^^^^^^^^^^^^^^^^^^^^^^^^^^^^^^^^^^^^^^^^^^^^^^^^^^^^^^^^^^^^^^^^^^^^^^^^^^^^^^
  File "/datadisk1/ixk5174/project_repo/Telos-test/src/validate_with_pretrained.py", line 94, in validate_stage1
    from extract_features import load_selected_features
ImportError: cannot import name 'load_selected_features' from 'extract_features' (/datadisk1/ixk5174/project_repo/Telos-test/src/extract_features.py)

